<?xml version="1.0" encoding="UTF-8"?>
<!-- Generated by org.testng.reporters.JUnitReportReporter -->
<testsuite skipped="0" hostname="Vijay-CH" name="com.staff.qa.testcases.PlacementPageTest" tests="1" failures="0" timestamp="15 Oct 2019 12:01:33 GMT" time="90.044" errors="0">
  <testcase name="verifyPlacedConsultantAppearInPlacement_FromRequirement" time="90.044" classname="com.staff.qa.testcases.PlacementPageTest"/>
</testsuite> <!-- com.staff.qa.testcases.PlacementPageTest -->
