<?xml version="1.0" encoding="UTF-8"?>
<!-- Generated by org.testng.reporters.JUnitReportReporter -->
<testsuite skipped="0" hostname="Vijay-CH" name="com.staff.qa.testcases.RequirementPageTest" tests="1" failures="0" timestamp="22 Oct 2019 07:22:48 GMT" time="33.244" errors="0">
  <testcase name="verifyDeleteRecentStatusFunctionality" time="33.244" classname="com.staff.qa.testcases.RequirementPageTest"/>
</testsuite> <!-- com.staff.qa.testcases.RequirementPageTest -->
