<?xml version="1.0" encoding="UTF-8"?>
<!-- Generated by org.testng.reporters.JUnitReportReporter -->
<testsuite skipped="0" hostname="Vijay-CH" name="com.staff.qa.testcases.RequirementPageTest" tests="1" failures="0" timestamp="20 Dec 2019 07:25:19 GMT" time="40.257" errors="0">
  <testcase name="verifyNavigateToStatusPopUp" time="40.257" classname="com.staff.qa.testcases.RequirementPageTest"/>
</testsuite> <!-- com.staff.qa.testcases.RequirementPageTest -->
