<?xml version="1.0" encoding="UTF-8"?>
<!-- Generated by org.testng.reporters.JUnitReportReporter -->
<testsuite skipped="0" hostname="Vijay-CH" name="com.staff.qa.testcases.RequirementPageTest" tests="1" failures="0" timestamp="07 Oct 2019 11:41:29 GMT" time="31.697" errors="0">
  <testcase name="verifyCancelButtonFunctionalityOfArchiveRequirementPopUp" time="31.697" classname="com.staff.qa.testcases.RequirementPageTest"/>
</testsuite> <!-- com.staff.qa.testcases.RequirementPageTest -->
