<?xml version="1.0" encoding="UTF-8"?>
<!-- Generated by org.testng.reporters.JUnitReportReporter -->
<testsuite skipped="0" hostname="Vijay-CH" name="com.staff.qa.testcases.CompaniesPageTest" tests="1" failures="0" timestamp="18 Sep 2019 10:58:49 GMT" time="8.294" errors="0">
  <testcase name="CompaniesPageURLTest" time="8.294" classname="com.staff.qa.testcases.CompaniesPageTest"/>
</testsuite> <!-- com.staff.qa.testcases.CompaniesPageTest -->
