<?xml version="1.0" encoding="UTF-8"?>
<!-- Generated by org.testng.reporters.JUnitReportReporter -->
<testsuite skipped="0" hostname="Vijay-CH" name="com.staff.qa.testcases.LoginPageTest" tests="1" failures="0" timestamp="13 Sep 2019 11:49:26 GMT" time="5.675" errors="0">
  <testcase name="loginTest" time="5.675" classname="com.staff.qa.testcases.LoginPageTest"/>
</testsuite> <!-- com.staff.qa.testcases.LoginPageTest -->
