<?xml version="1.0" encoding="UTF-8"?>
<!-- Generated by org.testng.reporters.JUnitReportReporter -->
<testsuite skipped="0" hostname="Vijay-CH" name="com.staff.qa.testcases.LoginPageTest" tests="2" failures="0" timestamp="11 Sep 2019 12:25:24 GMT" time="9.884" errors="0">
  <testcase name="loginPageTitleTest" time="4.748" classname="com.staff.qa.testcases.LoginPageTest"/>
  <testcase name="loginTest" time="5.136" classname="com.staff.qa.testcases.LoginPageTest"/>
</testsuite> <!-- com.staff.qa.testcases.LoginPageTest -->
