<?xml version="1.0" encoding="UTF-8"?>
<!-- Generated by org.testng.reporters.JUnitReportReporter -->
<testsuite skipped="0" hostname="Vijay-CH" name="com.staff.qa.testcases.ConsultantPageTest" tests="1" failures="0" timestamp="07 Nov 2019 12:56:59 GMT" time="76.244" errors="0">
  <testcase name="verifyDuplicateConsultant" time="76.244" classname="com.staff.qa.testcases.ConsultantPageTest"/>
</testsuite> <!-- com.staff.qa.testcases.ConsultantPageTest -->
