<?xml version="1.0" encoding="UTF-8"?>
<!-- Generated by org.testng.reporters.JUnitReportReporter -->
<testsuite skipped="0" hostname="Vijay-CH" name="com.staff.qa.testcases.ConsultantPageTest" tests="1" failures="1" timestamp="12 Nov 2019 04:31:03 GMT" time="21.002" errors="0">
  <testcase name="verifyUserNavigateToConsultantPage" time="21.002" classname="com.staff.qa.testcases.ConsultantPageTest">
    <failure type="java.lang.AssertionError" message="expected [http://10.20.14.79:1010/ATS.UI/#/consultants] but found [http://10.20.14.84:1010/ATS.UI_v1.0/#/consultants]">
      <![CDATA[java.lang.AssertionError: expected [http://10.20.14.79:1010/ATS.UI/#/consultants] but found [http://10.20.14.84:1010/ATS.UI_v1.0/#/consultants]
at org.testng.Assert.fail(Assert.java:96)
at org.testng.Assert.failNotEquals(Assert.java:776)
at org.testng.Assert.assertEqualsImpl(Assert.java:137)
at org.testng.Assert.assertEquals(Assert.java:118)
at org.testng.Assert.assertEquals(Assert.java:453)
at org.testng.Assert.assertEquals(Assert.java:463)
at com.staff.qa.testcases.ConsultantPageTest.verifyUserNavigateToConsultantPage(ConsultantPageTest.java:61)
at sun.reflect.NativeMethodAccessorImpl.invoke0(Native Method)
at sun.reflect.NativeMethodAccessorImpl.invoke(NativeMethodAccessorImpl.java:62)
at sun.reflect.DelegatingMethodAccessorImpl.invoke(DelegatingMethodAccessorImpl.java:43)
at java.lang.reflect.Method.invoke(Method.java:498)
at org.testng.internal.MethodInvocationHelper.invokeMethod(MethodInvocationHelper.java:124)
at org.testng.internal.Invoker.invokeMethod(Invoker.java:580)
at org.testng.internal.Invoker.invokeTestMethod(Invoker.java:716)
at org.testng.internal.Invoker.invokeTestMethods(Invoker.java:988)
at org.testng.internal.TestMethodWorker.invokeTestMethods(TestMethodWorker.java:125)
at org.testng.internal.TestMethodWorker.run(TestMethodWorker.java:109)
at java.util.concurrent.ThreadPoolExecutor.runWorker(ThreadPoolExecutor.java:1149)
at java.util.concurrent.ThreadPoolExecutor$Worker.run(ThreadPoolExecutor.java:624)
at java.lang.Thread.run(Thread.java:748)
]]>
    </failure>
  </testcase> <!-- verifyUserNavigateToConsultantPage -->
</testsuite> <!-- com.staff.qa.testcases.ConsultantPageTest -->
