<?xml version="1.0" encoding="UTF-8"?>
<!-- Generated by org.testng.reporters.JUnitReportReporter -->
<testsuite skipped="0" hostname="Vijay-CH" name="com.staff.qa.testcases.PlacementPageTest" tests="2" failures="0" timestamp="08 Nov 2019 06:33:41 GMT" time="84.649" errors="0">
  <testcase name="verifyPlacementDateFilterFunOfPlacementForm" time="42.563" classname="com.staff.qa.testcases.PlacementPageTest"/>
  <testcase name="verifyPlacementDateFilterFunOfPlacementForm" time="42.086" classname="com.staff.qa.testcases.PlacementPageTest"/>
</testsuite> <!-- com.staff.qa.testcases.PlacementPageTest -->
