<?xml version="1.0" encoding="UTF-8"?>
<!-- Generated by org.testng.reporters.JUnitReportReporter -->
<testsuite skipped="0" hostname="Vijay-CH" name="com.staff.qa.testcases.PlacementPageTest" tests="1" failures="0" timestamp="14 Nov 2019 11:48:53 GMT" time="60.263" errors="0">
  <testcase name="verifyApprovePlacementFunctionality_Validations" time="60.263" classname="com.staff.qa.testcases.PlacementPageTest"/>
</testsuite> <!-- com.staff.qa.testcases.PlacementPageTest -->
