<?xml version="1.0" encoding="UTF-8"?>
<!-- Generated by org.testng.reporters.JUnitReportReporter -->
<testsuite skipped="0" hostname="Vijay-CH" name="com.staff.qa.testcases.ConsultantPageTest" tests="1" failures="0" timestamp="20 Sep 2019 14:09:19 GMT" time="33.706" errors="0">
  <testcase name="verifyFunctionalityofContinueButton" time="33.706" classname="com.staff.qa.testcases.ConsultantPageTest"/>
</testsuite> <!-- com.staff.qa.testcases.ConsultantPageTest -->
