<?xml version="1.0" encoding="UTF-8"?>
<!-- Generated by org.testng.reporters.JUnitReportReporter -->
<testsuite skipped="0" hostname="Vijay-CH" name="com.staff.qa.testcases.ConsultantPageTest" tests="23" failures="0" timestamp="07 Oct 2019 05:01:20 GMT" time="820.486" errors="0">
  <testcase name="verifyUserNavigateToConsultantPage" time="10.163" classname="com.staff.qa.testcases.ConsultantPageTest"/>
  <testcase name="verifyAddNewConsulatantFormDisplayed" time="17.334" classname="com.staff.qa.testcases.ConsultantPageTest"/>
  <testcase name="verifyAddNewConsultant" time="83.392" classname="com.staff.qa.testcases.ConsultantPageTest"/>
  <testcase name="verifyDuplicateConsultant" time="70.627" classname="com.staff.qa.testcases.ConsultantPageTest"/>
  <testcase name="verifyFunctionalityOfCancelButton" time="18.877" classname="com.staff.qa.testcases.ConsultantPageTest"/>
  <testcase name="getAvailableCount" time="24.418" classname="com.staff.qa.testcases.ConsultantPageTest"/>
  <testcase name="getAllCount" time="29.464" classname="com.staff.qa.testcases.ConsultantPageTest"/>
  <testcase name="getArchivedCount" time="21.666" classname="com.staff.qa.testcases.ConsultantPageTest"/>
  <testcase name="getQualifiedCount" time="25.344" classname="com.staff.qa.testcases.ConsultantPageTest"/>
  <testcase name="verifyEditConsultantFunctionality" time="82.061" classname="com.staff.qa.testcases.ConsultantPageTest"/>
  <testcase name="verifyUploadDocumentFunctionality" time="47.609" classname="com.staff.qa.testcases.ConsultantPageTest"/>
  <testcase name="verifyUploadDocumentAppearInGrid" time="36.280" classname="com.staff.qa.testcases.ConsultantPageTest"/>
  <testcase name="verifyDownloadUploadedDocument" time="30.541" classname="com.staff.qa.testcases.ConsultantPageTest"/>
  <testcase name="verifyLinkRequirementToConsultant" time="37.714" classname="com.staff.qa.testcases.ConsultantPageTest"/>
  <testcase name="verifyLinkRequirementToConsultant_alreadyExists" time="45.839" classname="com.staff.qa.testcases.ConsultantPageTest"/>
  <testcase name="verifyDownloadResumeFunctionality" time="30.425" classname="com.staff.qa.testcases.ConsultantPageTest"/>
  <testcase name="verifyCancelFunctionalityOfLinkRequirement" time="44.574" classname="com.staff.qa.testcases.ConsultantPageTest"/>
  <testcase name="verifyEmailFunctionality" time="38.410" classname="com.staff.qa.testcases.ConsultantPageTest"/>
  <testcase name="verifyCancelButtonFunctionalityOfEmail" time="28.448" classname="com.staff.qa.testcases.ConsultantPageTest"/>
  <testcase name="verifyValidationForEmailSubject" time="29.467" classname="com.staff.qa.testcases.ConsultantPageTest"/>
  <testcase name="verifyArchiveFunctionality" time="21.785" classname="com.staff.qa.testcases.ConsultantPageTest"/>
  <testcase name="verifyUn_ArchiveFunctionality" time="33.515" classname="com.staff.qa.testcases.ConsultantPageTest"/>
  <testcase name="verifyPageLable" time="12.533" classname="com.staff.qa.testcases.ConsultantPageTest"/>
</testsuite> <!-- com.staff.qa.testcases.ConsultantPageTest -->
