<?xml version="1.0" encoding="UTF-8"?>
<!-- Generated by org.testng.reporters.JUnitReportReporter -->
<testsuite skipped="0" hostname="Vijay-CH" name="com.staff.qa.testcases.ConsultantPageTest" tests="1" failures="0" timestamp="11 Oct 2019 05:40:15 GMT" time="20.098" errors="0">
  <testcase name="verifyValidationsInScheduleMeetingPopUp" time="20.098" classname="com.staff.qa.testcases.ConsultantPageTest"/>
</testsuite> <!-- com.staff.qa.testcases.ConsultantPageTest -->
