<?xml version="1.0" encoding="UTF-8"?>
<!-- Generated by org.testng.reporters.JUnitReportReporter -->
<testsuite skipped="0" hostname="Vijay-CH" name="com.staff.qa.testcases.ResumeProcess" tests="1" failures="0" timestamp="25 Nov 2019 13:35:35 GMT" time="87.824" errors="0">
  <testcase name="verifyUploadConsultant" time="87.824" classname="com.staff.qa.testcases.ResumeProcess"/>
</testsuite> <!-- com.staff.qa.testcases.ResumeProcess -->
