<?xml version="1.0" encoding="UTF-8"?>
<!-- Generated by org.testng.reporters.JUnitReportReporter -->
<testsuite skipped="0" hostname="Vijay-CH" name="com.staff.qa.testcases.PlacementPageTest" tests="1" failures="0" timestamp="22 Oct 2019 11:32:37 GMT" time="50.399" errors="0">
  <testcase name="verifyPlacedConsultantAppearInPlacement_FromConsultant" time="50.399" classname="com.staff.qa.testcases.PlacementPageTest"/>
</testsuite> <!-- com.staff.qa.testcases.PlacementPageTest -->
