<?xml version="1.0" encoding="UTF-8"?>
<!-- Generated by org.testng.reporters.JUnitReportReporter -->
<testsuite skipped="0" hostname="Vijay-CH" name="com.staff.qa.testcases.LoginPageTest" tests="1" failures="0" timestamp="19 Sep 2019 12:56:02 GMT" time="8.343" errors="0">
  <testcase name="validatePasswordMessageForBlankPassword" time="8.343" classname="com.staff.qa.testcases.LoginPageTest"/>
</testsuite> <!-- com.staff.qa.testcases.LoginPageTest -->
