<?xml version="1.0" encoding="UTF-8"?>
<!-- Generated by org.testng.reporters.JUnitReportReporter -->
<testsuite skipped="0" hostname="Vijay-CH" name="com.staff.qa.testcases.HomePageTest" tests="2" failures="0" timestamp="11 Sep 2019 12:25:24 GMT" time="11.841" errors="0">
  <testcase name="logoutTest" time="6.625" classname="com.staff.qa.testcases.HomePageTest"/>
  <testcase name="verifyUserNameLableTest" time="5.216" classname="com.staff.qa.testcases.HomePageTest"/>
</testsuite> <!-- com.staff.qa.testcases.HomePageTest -->
