<?xml version="1.0" encoding="UTF-8"?>
<!-- Generated by org.testng.reporters.JUnitReportReporter -->
<testsuite skipped="0" hostname="Vijay-CH" name="com.staff.qa.testcases.HomePageTest" tests="2" failures="0" timestamp="18 Sep 2019 10:58:49 GMT" time="15.026" errors="0">
  <testcase name="verifyUserNameLableTest" time="7.313" classname="com.staff.qa.testcases.HomePageTest"/>
  <testcase name="logoutTest" time="7.713" classname="com.staff.qa.testcases.HomePageTest"/>
</testsuite> <!-- com.staff.qa.testcases.HomePageTest -->
