<?xml version="1.0" encoding="UTF-8"?>
<!-- Generated by org.testng.reporters.JUnitReportReporter -->
<testsuite skipped="0" hostname="Vijay-CH" name="com.staff.qa.testcases.PlacementPageTest" tests="6" failures="0" timestamp="31 Oct 2019 10:07:03 GMT" time="180.266" errors="0">
  <testcase name="verifyBackedOutFilterData" time="26.081" classname="com.staff.qa.testcases.PlacementPageTest"/>
  <testcase name="verifyOpenFilterData" time="30.873" classname="com.staff.qa.testcases.PlacementPageTest"/>
  <testcase name="verifyPendingApprovalFilterData" time="29.803" classname="com.staff.qa.testcases.PlacementPageTest"/>
  <testcase name="verifyApprovedFilterData" time="39.002" classname="com.staff.qa.testcases.PlacementPageTest"/>
  <testcase name="verifyCandidateOnBillingFilterData" time="28.568" classname="com.staff.qa.testcases.PlacementPageTest"/>
  <testcase name="verifyCandidateEndedFilterData" time="25.939" classname="com.staff.qa.testcases.PlacementPageTest"/>
</testsuite> <!-- com.staff.qa.testcases.PlacementPageTest -->
